/data/miniforge3/lib/python3.10/site-packages/transformers/utils/hub.py:111: FutureWarning: Using `TRANSFORMERS_CACHE` is deprecated and will be removed in v5 of Transformers. Use `HF_HOME` instead.
  warnings.warn(

A module that was compiled using NumPy 1.x cannot be run in
NumPy 2.2.6 as it may crash. To support both 1.x and 2.x
versions of NumPy, modules must be compiled with NumPy 2.0.
Some module may need to rebuild instead e.g. with 'pybind11>=2.12'.

If you are a user of the module, the easiest solution will be to
downgrade to 'numpy<2' or try to upgrade the affected module.
We expect that some modules will need time to support NumPy 2.

Traceback (most recent call last):  File "/home/ubuntu/llm_addiction/experiment_1_layer_pathway_L1_31/experiment_1_pathway.py", line 383, in <module>
    exp.run()
  File "/home/ubuntu/llm_addiction/experiment_1_layer_pathway_L1_31/experiment_1_pathway.py", line 310, in run
    self.load_model()
  File "/home/ubuntu/llm_addiction/experiment_1_layer_pathway_L1_31/experiment_1_pathway.py", line 113, in load_model
    self.model = AutoModelForCausalLM.from_pretrained(
  File "/data/miniforge3/lib/python3.10/site-packages/transformers/models/auto/auto_factory.py", line 597, in from_pretrained
    model_class = _get_model_class(config, cls._model_mapping)
  File "/data/miniforge3/lib/python3.10/site-packages/transformers/models/auto/auto_factory.py", line 394, in _get_model_class
    supported_models = model_mapping[type(config)]
  File "/data/miniforge3/lib/python3.10/site-packages/transformers/models/auto/auto_factory.py", line 803, in __getitem__
    return self._load_attr_from_module(model_type, model_name)
  File "/data/miniforge3/lib/python3.10/site-packages/transformers/models/auto/auto_factory.py", line 817, in _load_attr_from_module
    return getattribute_from_module(self._modules[module_name], attr)
  File "/data/miniforge3/lib/python3.10/site-packages/transformers/models/auto/auto_factory.py", line 729, in getattribute_from_module
    if hasattr(module, attr):
  File "/data/miniforge3/lib/python3.10/site-packages/transformers/utils/import_utils.py", line 2292, in __getattr__
    module = self._get_module(self._class_to_module[name])
  File "/data/miniforge3/lib/python3.10/site-packages/transformers/utils/import_utils.py", line 2320, in _get_module
    return importlib.import_module("." + module_name, self.__name__)
  File "/data/miniforge3/lib/python3.10/importlib/__init__.py", line 126, in import_module
    return _bootstrap._gcd_import(name[level:], package, level)
  File "/data/miniforge3/lib/python3.10/site-packages/transformers/models/llama/modeling_llama.py", line 30, in <module>
    from ...modeling_layers import (
  File "/data/miniforge3/lib/python3.10/site-packages/transformers/modeling_layers.py", line 29, in <module>
    from .processing_utils import Unpack
  File "/data/miniforge3/lib/python3.10/site-packages/transformers/processing_utils.py", line 41, in <module>
    from .video_utils import VideoMetadata, load_video
  File "/data/miniforge3/lib/python3.10/site-packages/transformers/video_utils.py", line 28, in <module>
    from .image_transforms import PaddingMode, to_channel_dimension_format
  File "/data/miniforge3/lib/python3.10/site-packages/transformers/image_transforms.py", line 51, in <module>
    import jax.numpy as jnp
  File "/data/miniforge3/lib/python3.10/site-packages/jax/__init__.py", line 37, in <module>
    import jax.core as _core
  File "/data/miniforge3/lib/python3.10/site-packages/jax/core.py", line 18, in <module>
    from jax._src.core import (
  File "/data/miniforge3/lib/python3.10/site-packages/jax/_src/core.py", line 38, in <module>
    from jax._src import dtypes
  File "/data/miniforge3/lib/python3.10/site-packages/jax/_src/dtypes.py", line 33, in <module>
    from jax._src import config
  File "/data/miniforge3/lib/python3.10/site-packages/jax/_src/config.py", line 27, in <module>
    from jax._src import lib
  File "/data/miniforge3/lib/python3.10/site-packages/jax/_src/lib/__init__.py", line 87, in <module>
    import jaxlib.xla_client as xla_client
  File "/data/miniforge3/lib/python3.10/site-packages/jaxlib/xla_client.py", line 32, in <module>
    from . import xla_extension as _xla
AttributeError: _ARRAY_API not found
================================================================================
ðŸš€ EXPERIMENT 1: LAYER PATHWAY TRACKING (L1-31)
   GPU: 3
   Total games: 50
   Tracking: All 31 layers per decision
================================================================================
ðŸš€ Loading LLaMA model
Loading checkpoint shards:   0%|          | 0/4 [00:00<?, ?it/s]Loading checkpoint shards:  25%|â–ˆâ–ˆâ–Œ       | 1/4 [00:02<00:07,  2.46s/it]Loading checkpoint shards:  50%|â–ˆâ–ˆâ–ˆâ–ˆâ–ˆ     | 2/4 [00:05<00:05,  2.54s/it]Loading checkpoint shards:  75%|â–ˆâ–ˆâ–ˆâ–ˆâ–ˆâ–ˆâ–ˆâ–Œ  | 3/4 [00:06<00:02,  2.12s/it]Loading checkpoint shards: 100%|â–ˆâ–ˆâ–ˆâ–ˆâ–ˆâ–ˆâ–ˆâ–ˆâ–ˆâ–ˆ| 4/4 [00:07<00:00,  1.54s/it]Loading checkpoint shards: 100%|â–ˆâ–ˆâ–ˆâ–ˆâ–ˆâ–ˆâ–ˆâ–ˆâ–ˆâ–ˆ| 4/4 [00:07<00:00,  1.83s/it]
Traceback (most recent call last):
  File "/home/ubuntu/llm_addiction/experiment_1_layer_pathway_L1_31/experiment_1_pathway.py", line 316, in run
    result = self.play_game_with_tracking(game_id)
  File "/home/ubuntu/llm_addiction/experiment_1_layer_pathway_L1_31/experiment_1_pathway.py", line 257, in play_game_with_tracking
    all_features = self.extract_all_layer_features(prompt)
  File "/home/ubuntu/llm_addiction/experiment_1_layer_pathway_L1_31/experiment_1_pathway.py", line 188, in extract_all_layer_features
    sae = self.load_sae(layer)
  File "/home/ubuntu/llm_addiction/experiment_1_layer_pathway_L1_31/experiment_1_pathway.py", line 128, in load_sae
    self.sae_cache[layer] = LlamaScopeDirect(layer=layer)
  File "/home/ubuntu/llm_addiction/causal_feature_discovery/src/llama_scope_working.py", line 90, in __init__
    raise ValueError(f"Layer {layer} not supported. Supported layers: 25-31.")
ValueError: Layer 1 not supported. Supported layers: 25-31.
Traceback (most recent call last):
  File "/home/ubuntu/llm_addiction/experiment_1_layer_pathway_L1_31/experiment_1_pathway.py", line 316, in run
    result = self.play_game_with_tracking(game_id)
  File "/home/ubuntu/llm_addiction/experiment_1_layer_pathway_L1_31/experiment_1_pathway.py", line 257, in play_game_with_tracking
    all_features = self.extract_all_layer_features(prompt)
  File "/home/ubuntu/llm_addiction/experiment_1_layer_pathway_L1_31/experiment_1_pathway.py", line 188, in extract_all_layer_features
    sae = self.load_sae(layer)
  File "/home/ubuntu/llm_addiction/experiment_1_layer_pathway_L1_31/experiment_1_pathway.py", line 128, in load_sae
    self.sae_cache[layer] = LlamaScopeDirect(layer=layer)
  File "/home/ubuntu/llm_addiction/causal_feature_discovery/src/llama_scope_working.py", line 90, in __init__
    raise ValueError(f"Layer {layer} not supported. Supported layers: 25-31.")
ValueError: Layer 1 not supported. Supported layers: 25-31.
Traceback (most recent call last):
  File "/home/ubuntu/llm_addiction/experiment_1_layer_pathway_L1_31/experiment_1_pathway.py", line 316, in run
    result = self.play_game_with_tracking(game_id)
  File "/home/ubuntu/llm_addiction/experiment_1_layer_pathway_L1_31/experiment_1_pathway.py", line 257, in play_game_with_tracking
    all_features = self.extract_all_layer_features(prompt)
  File "/home/ubuntu/llm_addiction/experiment_1_layer_pathway_L1_31/experiment_1_pathway.py", line 188, in extract_all_layer_features
    sae = self.load_sae(layer)
  File "/home/ubuntu/llm_addiction/experiment_1_layer_pathway_L1_31/experiment_1_pathway.py", line 128, in load_sae
    self.sae_cache[layer] = LlamaScopeDirect(layer=layer)
  File "/home/ubuntu/llm_addiction/causal_feature_discovery/src/llama_scope_working.py", line 90, in __init__
    raise ValueError(f"Layer {layer} not supported. Supported layers: 25-31.")
ValueError: Layer 1 not supported. Supported layers: 25-31.
Traceback (most recent call last):
  File "/home/ubuntu/llm_addiction/experiment_1_layer_pathway_L1_31/experiment_1_pathway.py", line 316, in run
    result = self.play_game_with_tracking(game_id)
  File "/home/ubuntu/llm_addiction/experiment_1_layer_pathway_L1_31/experiment_1_pathway.py", line 257, in play_game_with_tracking
    all_features = self.extract_all_layer_features(prompt)
  File "/home/ubuntu/llm_addiction/experiment_1_layer_pathway_L1_31/experiment_1_pathway.py", line 188, in extract_all_layer_features
    sae = self.load_sae(layer)
  File "/home/ubuntu/llm_addiction/experiment_1_layer_pathway_L1_31/experiment_1_pathway.py", line 128, in load_sae
    self.sae_cache[layer] = LlamaScopeDirect(layer=layer)
  File "/home/ubuntu/llm_addiction/causal_feature_discovery/src/llama_scope_working.py", line 90, in __init__
    raise ValueError(f"Layer {layer} not supported. Supported layers: 25-31.")
ValueError: Layer 1 not supported. Supported layers: 25-31.
Traceback (most recent call last):
  File "/home/ubuntu/llm_addiction/experiment_1_layer_pathway_L1_31/experiment_1_pathway.py", line 316, in run
    result = self.play_game_with_tracking(game_id)
  File "/home/ubuntu/llm_addiction/experiment_1_layer_pathway_L1_31/experiment_1_pathway.py", line 257, in play_game_with_tracking
    all_features = self.extract_all_layer_features(prompt)
  File "/home/ubuntu/llm_addiction/experiment_1_layer_pathway_L1_31/experiment_1_pathway.py", line 188, in extract_all_layer_features
    sae = self.load_sae(layer)
  File "/home/ubuntu/llm_addiction/experiment_1_layer_pathway_L1_31/experiment_1_pathway.py", line 128, in load_sae
    self.sae_cache[layer] = LlamaScopeDirect(layer=layer)
  File "/home/ubuntu/llm_addiction/causal_feature_discovery/src/llama_scope_working.py", line 90, in __init__
    raise ValueError(f"Layer {layer} not supported. Supported layers: 25-31.")
ValueError: Layer 1 not supported. Supported layers: 25-31.
Traceback (most recent call last):
  File "/home/ubuntu/llm_addiction/experiment_1_layer_pathway_L1_31/experiment_1_pathway.py", line 316, in run
    result = self.play_game_with_tracking(game_id)
  File "/home/ubuntu/llm_addiction/experiment_1_layer_pathway_L1_31/experiment_1_pathway.py", line 257, in play_game_with_tracking
    all_features = self.extract_all_layer_features(prompt)
  File "/home/ubuntu/llm_addiction/experiment_1_layer_pathway_L1_31/experiment_1_pathway.py", line 188, in extract_all_layer_features
    sae = self.load_sae(layer)
  File "/home/ubuntu/llm_addiction/experiment_1_layer_pathway_L1_31/experiment_1_pathway.py", line 128, in load_sae
    self.sae_cache[layer] = LlamaScopeDirect(layer=layer)
  File "/home/ubuntu/llm_addiction/causal_feature_discovery/src/llama_scope_working.py", line 90, in __init__
    raise ValueError(f"Layer {layer} not supported. Supported layers: 25-31.")
ValueError: Layer 1 not supported. Supported layers: 25-31.
Traceback (most recent call last):
  File "/home/ubuntu/llm_addiction/experiment_1_layer_pathway_L1_31/experiment_1_pathway.py", line 316, in run
    result = self.play_game_with_tracking(game_id)
  File "/home/ubuntu/llm_addiction/experiment_1_layer_pathway_L1_31/experiment_1_pathway.py", line 257, in play_game_with_tracking
    all_features = self.extract_all_layer_features(prompt)
  File "/home/ubuntu/llm_addiction/experiment_1_layer_pathway_L1_31/experiment_1_pathway.py", line 188, in extract_all_layer_features
    sae = self.load_sae(layer)
  File "/home/ubuntu/llm_addiction/experiment_1_layer_pathway_L1_31/experiment_1_pathway.py", line 128, in load_sae
    self.sae_cache[layer] = LlamaScopeDirect(layer=layer)
  File "/home/ubuntu/llm_addiction/causal_feature_discovery/src/llama_scope_working.py", line 90, in __init__
    raise ValueError(f"Layer {layer} not supported. Supported layers: 25-31.")
ValueError: Layer 1 not supported. Supported layers: 25-31.
Traceback (most recent call last):
  File "/home/ubuntu/llm_addiction/experiment_1_layer_pathway_L1_31/experiment_1_pathway.py", line 316, in run
    result = self.play_game_with_tracking(game_id)
  File "/home/ubuntu/llm_addiction/experiment_1_layer_pathway_L1_31/experiment_1_pathway.py", line 257, in play_game_with_tracking
    all_features = self.extract_all_layer_features(prompt)
  File "/home/ubuntu/llm_addiction/experiment_1_layer_pathway_L1_31/experiment_1_pathway.py", line 188, in extract_all_layer_features
    sae = self.load_sae(layer)
  File "/home/ubuntu/llm_addiction/experiment_1_layer_pathway_L1_31/experiment_1_pathway.py", line 128, in load_sae
    self.sae_cache[layer] = LlamaScopeDirect(layer=layer)
  File "/home/ubuntu/llm_addiction/causal_feature_discovery/src/llama_scope_working.py", line 90, in __init__
    raise ValueError(f"Layer {layer} not supported. Supported layers: 25-31.")
ValueError: Layer 1 not supported. Supported layers: 25-31.
Traceback (most recent call last):
  File "/home/ubuntu/llm_addiction/experiment_1_layer_pathway_L1_31/experiment_1_pathway.py", line 316, in run
    result = self.play_game_with_tracking(game_id)
  File "/home/ubuntu/llm_addiction/experiment_1_layer_pathway_L1_31/experiment_1_pathway.py", line 257, in play_game_with_tracking
    all_features = self.extract_all_layer_features(prompt)
  File "/home/ubuntu/llm_addiction/experiment_1_layer_pathway_L1_31/experiment_1_pathway.py", line 188, in extract_all_layer_features
    sae = self.load_sae(layer)
  File "/home/ubuntu/llm_addiction/experiment_1_layer_pathway_L1_31/experiment_1_pathway.py", line 128, in load_sae
    self.sae_cache[layer] = LlamaScopeDirect(layer=layer)
  File "/home/ubuntu/llm_addiction/causal_feature_discovery/src/llama_scope_working.py", line 90, in __init__
    raise ValueError(f"Layer {layer} not supported. Supported layers: 25-31.")
ValueError: Layer 1 not supported. Supported layers: 25-31.
Traceback (most recent call last):
  File "/home/ubuntu/llm_addiction/experiment_1_layer_pathway_L1_31/experiment_1_pathway.py", line 316, in run
    result = self.play_game_with_tracking(game_id)
  File "/home/ubuntu/llm_addiction/experiment_1_layer_pathway_L1_31/experiment_1_pathway.py", line 257, in play_game_with_tracking
    all_features = self.extract_all_layer_features(prompt)
  File "/home/ubuntu/llm_addiction/experiment_1_layer_pathway_L1_31/experiment_1_pathway.py", line 188, in extract_all_layer_features
    sae = self.load_sae(layer)
  File "/home/ubuntu/llm_addiction/experiment_1_layer_pathway_L1_31/experiment_1_pathway.py", line 128, in load_sae
    self.sae_cache[layer] = LlamaScopeDirect(layer=layer)
  File "/home/ubuntu/llm_addiction/causal_feature_discovery/src/llama_scope_working.py", line 90, in __init__
    raise ValueError(f"Layer {layer} not supported. Supported layers: 25-31.")
ValueError: Layer 1 not supported. Supported layers: 25-31.
Traceback (most recent call last):
  File "/home/ubuntu/llm_addiction/experiment_1_layer_pathway_L1_31/experiment_1_pathway.py", line 316, in run
    result = self.play_game_with_tracking(game_id)
  File "/home/ubuntu/llm_addiction/experiment_1_layer_pathway_L1_31/experiment_1_pathway.py", line 257, in play_game_with_tracking
    all_features = self.extract_all_layer_features(prompt)
  File "/home/ubuntu/llm_addiction/experiment_1_layer_pathway_L1_31/experiment_1_pathway.py", line 188, in extract_all_layer_features
    sae = self.load_sae(layer)
  File "/home/ubuntu/llm_addiction/experiment_1_layer_pathway_L1_31/experiment_1_pathway.py", line 128, in load_sae
    self.sae_cache[layer] = LlamaScopeDirect(layer=layer)
  File "/home/ubuntu/llm_addiction/causal_feature_discovery/src/llama_scope_working.py", line 90, in __init__
    raise ValueError(f"Layer {layer} not supported. Supported layers: 25-31.")
ValueError: Layer 1 not supported. Supported layers: 25-31.
Traceback (most recent call last):
  File "/home/ubuntu/llm_addiction/experiment_1_layer_pathway_L1_31/experiment_1_pathway.py", line 316, in run
    result = self.play_game_with_tracking(game_id)
  File "/home/ubuntu/llm_addiction/experiment_1_layer_pathway_L1_31/experiment_1_pathway.py", line 257, in play_game_with_tracking
    all_features = self.extract_all_layer_features(prompt)
  File "/home/ubuntu/llm_addiction/experiment_1_layer_pathway_L1_31/experiment_1_pathway.py", line 188, in extract_all_layer_features
    sae = self.load_sae(layer)
  File "/home/ubuntu/llm_addiction/experiment_1_layer_pathway_L1_31/experiment_1_pathway.py", line 128, in load_sae
    self.sae_cache[layer] = LlamaScopeDirect(layer=layer)
  File "/home/ubuntu/llm_addiction/causal_feature_discovery/src/llama_scope_working.py", line 90, in __init__
    raise ValueError(f"Layer {layer} not supported. Supported layers: 25-31.")
ValueError: Layer 1 not supported. Supported layers: 25-31.
Traceback (most recent call last):
  File "/home/ubuntu/llm_addiction/experiment_1_layer_pathway_L1_31/experiment_1_pathway.py", line 316, in run
    result = self.play_game_with_tracking(game_id)
  File "/home/ubuntu/llm_addiction/experiment_1_layer_pathway_L1_31/experiment_1_pathway.py", line 257, in play_game_with_tracking
    all_features = self.extract_all_layer_features(prompt)
  File "/home/ubuntu/llm_addiction/experiment_1_layer_pathway_L1_31/experiment_1_pathway.py", line 188, in extract_all_layer_features
    sae = self.load_sae(layer)
  File "/home/ubuntu/llm_addiction/experiment_1_layer_pathway_L1_31/experiment_1_pathway.py", line 128, in load_sae
    self.sae_cache[layer] = LlamaScopeDirect(layer=layer)
  File "/home/ubuntu/llm_addiction/causal_feature_discovery/src/llama_scope_working.py", line 90, in __init__
    raise ValueError(f"Layer {layer} not supported. Supported layers: 25-31.")
ValueError: Layer 1 not supported. Supported layers: 25-31.
Traceback (most recent call last):
  File "/home/ubuntu/llm_addiction/experiment_1_layer_pathway_L1_31/experiment_1_pathway.py", line 316, in run
    result = self.play_game_with_tracking(game_id)
  File "/home/ubuntu/llm_addiction/experiment_1_layer_pathway_L1_31/experiment_1_pathway.py", line 257, in play_game_with_tracking
    all_features = self.extract_all_layer_features(prompt)
  File "/home/ubuntu/llm_addiction/experiment_1_layer_pathway_L1_31/experiment_1_pathway.py", line 188, in extract_all_layer_features
    sae = self.load_sae(layer)
  File "/home/ubuntu/llm_addiction/experiment_1_layer_pathway_L1_31/experiment_1_pathway.py", line 128, in load_sae
    self.sae_cache[layer] = LlamaScopeDirect(layer=layer)
  File "/home/ubuntu/llm_addiction/causal_feature_discovery/src/llama_scope_working.py", line 90, in __init__
    raise ValueError(f"Layer {layer} not supported. Supported layers: 25-31.")
ValueError: Layer 1 not supported. Supported layers: 25-31.
Traceback (most recent call last):
  File "/home/ubuntu/llm_addiction/experiment_1_layer_pathway_L1_31/experiment_1_pathway.py", line 316, in run
    result = self.play_game_with_tracking(game_id)
  File "/home/ubuntu/llm_addiction/experiment_1_layer_pathway_L1_31/experiment_1_pathway.py", line 257, in play_game_with_tracking
    all_features = self.extract_all_layer_features(prompt)
  File "/home/ubuntu/llm_addiction/experiment_1_layer_pathway_L1_31/experiment_1_pathway.py", line 188, in extract_all_layer_features
    sae = self.load_sae(layer)
  File "/home/ubuntu/llm_addiction/experiment_1_layer_pathway_L1_31/experiment_1_pathway.py", line 128, in load_sae
    self.sae_cache[layer] = LlamaScopeDirect(layer=layer)
  File "/home/ubuntu/llm_addiction/causal_feature_discovery/src/llama_scope_working.py", line 90, in __init__
    raise ValueError(f"Layer {layer} not supported. Supported layers: 25-31.")
ValueError: Layer 1 not supported. Supported layers: 25-31.
Traceback (most recent call last):
  File "/home/ubuntu/llm_addiction/experiment_1_layer_pathway_L1_31/experiment_1_pathway.py", line 316, in run
    result = self.play_game_with_tracking(game_id)
  File "/home/ubuntu/llm_addiction/experiment_1_layer_pathway_L1_31/experiment_1_pathway.py", line 257, in play_game_with_tracking
    all_features = self.extract_all_layer_features(prompt)
  File "/home/ubuntu/llm_addiction/experiment_1_layer_pathway_L1_31/experiment_1_pathway.py", line 188, in extract_all_layer_features
    sae = self.load_sae(layer)
  File "/home/ubuntu/llm_addiction/experiment_1_layer_pathway_L1_31/experiment_1_pathway.py", line 128, in load_sae
    self.sae_cache[layer] = LlamaScopeDirect(layer=layer)
  File "/home/ubuntu/llm_addiction/causal_feature_discovery/src/llama_scope_working.py", line 90, in __init__
    raise ValueError(f"Layer {layer} not supported. Supported layers: 25-31.")
ValueError: Layer 1 not supported. Supported layers: 25-31.
Traceback (most recent call last):
  File "/home/ubuntu/llm_addiction/experiment_1_layer_pathway_L1_31/experiment_1_pathway.py", line 316, in run
    result = self.play_game_with_tracking(game_id)
  File "/home/ubuntu/llm_addiction/experiment_1_layer_pathway_L1_31/experiment_1_pathway.py", line 257, in play_game_with_tracking
    all_features = self.extract_all_layer_features(prompt)
  File "/home/ubuntu/llm_addiction/experiment_1_layer_pathway_L1_31/experiment_1_pathway.py", line 188, in extract_all_layer_features
    sae = self.load_sae(layer)
  File "/home/ubuntu/llm_addiction/experiment_1_layer_pathway_L1_31/experiment_1_pathway.py", line 128, in load_sae
    self.sae_cache[layer] = LlamaScopeDirect(layer=layer)
  File "/home/ubuntu/llm_addiction/causal_feature_discovery/src/llama_scope_working.py", line 90, in __init__
    raise ValueError(f"Layer {layer} not supported. Supported layers: 25-31.")
ValueError: Layer 1 not supported. Supported layers: 25-31.
Traceback (most recent call last):
  File "/home/ubuntu/llm_addiction/experiment_1_layer_pathway_L1_31/experiment_1_pathway.py", line 316, in run
    result = self.play_game_with_tracking(game_id)
  File "/home/ubuntu/llm_addiction/experiment_1_layer_pathway_L1_31/experiment_1_pathway.py", line 257, in play_game_with_tracking
    all_features = self.extract_all_layer_features(prompt)
  File "/home/ubuntu/llm_addiction/experiment_1_layer_pathway_L1_31/experiment_1_pathway.py", line 188, in extract_all_layer_features
    sae = self.load_sae(layer)
  File "/home/ubuntu/llm_addiction/experiment_1_layer_pathway_L1_31/experiment_1_pathway.py", line 128, in load_sae
    self.sae_cache[layer] = LlamaScopeDirect(layer=layer)
  File "/home/ubuntu/llm_addiction/causal_feature_discovery/src/llama_scope_working.py", line 90, in __init__
    raise ValueError(f"Layer {layer} not supported. Supported layers: 25-31.")
ValueError: Layer 1 not supported. Supported layers: 25-31.
Traceback (most recent call last):
  File "/home/ubuntu/llm_addiction/experiment_1_layer_pathway_L1_31/experiment_1_pathway.py", line 316, in run
    result = self.play_game_with_tracking(game_id)
  File "/home/ubuntu/llm_addiction/experiment_1_layer_pathway_L1_31/experiment_1_pathway.py", line 257, in play_game_with_tracking
    all_features = self.extract_all_layer_features(prompt)
  File "/home/ubuntu/llm_addiction/experiment_1_layer_pathway_L1_31/experiment_1_pathway.py", line 188, in extract_all_layer_features
    sae = self.load_sae(layer)
  File "/home/ubuntu/llm_addiction/experiment_1_layer_pathway_L1_31/experiment_1_pathway.py", line 128, in load_sae
    self.sae_cache[layer] = LlamaScopeDirect(layer=layer)
  File "/home/ubuntu/llm_addiction/causal_feature_discovery/src/llama_scope_working.py", line 90, in __init__
    raise ValueError(f"Layer {layer} not supported. Supported layers: 25-31.")
ValueError: Layer 1 not supported. Supported layers: 25-31.
Traceback (most recent call last):
  File "/home/ubuntu/llm_addiction/experiment_1_layer_pathway_L1_31/experiment_1_pathway.py", line 316, in run
    result = self.play_game_with_tracking(game_id)
  File "/home/ubuntu/llm_addiction/experiment_1_layer_pathway_L1_31/experiment_1_pathway.py", line 257, in play_game_with_tracking
    all_features = self.extract_all_layer_features(prompt)
  File "/home/ubuntu/llm_addiction/experiment_1_layer_pathway_L1_31/experiment_1_pathway.py", line 188, in extract_all_layer_features
    sae = self.load_sae(layer)
  File "/home/ubuntu/llm_addiction/experiment_1_layer_pathway_L1_31/experiment_1_pathway.py", line 128, in load_sae
    self.sae_cache[layer] = LlamaScopeDirect(layer=layer)
  File "/home/ubuntu/llm_addiction/causal_feature_discovery/src/llama_scope_working.py", line 90, in __init__
    raise ValueError(f"Layer {layer} not supported. Supported layers: 25-31.")
ValueError: Layer 1 not supported. Supported layers: 25-31.
Traceback (most recent call last):
  File "/home/ubuntu/llm_addiction/experiment_1_layer_pathway_L1_31/experiment_1_pathway.py", line 316, in run
    result = self.play_game_with_tracking(game_id)
  File "/home/ubuntu/llm_addiction/experiment_1_layer_pathway_L1_31/experiment_1_pathway.py", line 257, in play_game_with_tracking
    all_features = self.extract_all_layer_features(prompt)
  File "/home/ubuntu/llm_addiction/experiment_1_layer_pathway_L1_31/experiment_1_pathway.py", line 188, in extract_all_layer_features
    sae = self.load_sae(layer)
  File "/home/ubuntu/llm_addiction/experiment_1_layer_pathway_L1_31/experiment_1_pathway.py", line 128, in load_sae
    self.sae_cache[layer] = LlamaScopeDirect(layer=layer)
  File "/home/ubuntu/llm_addiction/causal_feature_discovery/src/llama_scope_working.py", line 90, in __init__
    raise ValueError(f"Layer {layer} not supported. Supported layers: 25-31.")
ValueError: Layer 1 not supported. Supported layers: 25-31.
Traceback (most recent call last):
  File "/home/ubuntu/llm_addiction/experiment_1_layer_pathway_L1_31/experiment_1_pathway.py", line 316, in run
    result = self.play_game_with_tracking(game_id)
  File "/home/ubuntu/llm_addiction/experiment_1_layer_pathway_L1_31/experiment_1_pathway.py", line 257, in play_game_with_tracking
    all_features = self.extract_all_layer_features(prompt)
  File "/home/ubuntu/llm_addiction/experiment_1_layer_pathway_L1_31/experiment_1_pathway.py", line 188, in extract_all_layer_features
    sae = self.load_sae(layer)
  File "/home/ubuntu/llm_addiction/experiment_1_layer_pathway_L1_31/experiment_1_pathway.py", line 128, in load_sae
    self.sae_cache[layer] = LlamaScopeDirect(layer=layer)
  File "/home/ubuntu/llm_addiction/causal_feature_discovery/src/llama_scope_working.py", line 90, in __init__
    raise ValueError(f"Layer {layer} not supported. Supported layers: 25-31.")
ValueError: Layer 1 not supported. Supported layers: 25-31.
Traceback (most recent call last):
  File "/home/ubuntu/llm_addiction/experiment_1_layer_pathway_L1_31/experiment_1_pathway.py", line 316, in run
    result = self.play_game_with_tracking(game_id)
  File "/home/ubuntu/llm_addiction/experiment_1_layer_pathway_L1_31/experiment_1_pathway.py", line 257, in play_game_with_tracking
    all_features = self.extract_all_layer_features(prompt)
  File "/home/ubuntu/llm_addiction/experiment_1_layer_pathway_L1_31/experiment_1_pathway.py", line 188, in extract_all_layer_features
    sae = self.load_sae(layer)
  File "/home/ubuntu/llm_addiction/experiment_1_layer_pathway_L1_31/experiment_1_pathway.py", line 128, in load_sae
    self.sae_cache[layer] = LlamaScopeDirect(layer=layer)
  File "/home/ubuntu/llm_addiction/causal_feature_discovery/src/llama_scope_working.py", line 90, in __init__
    raise ValueError(f"Layer {layer} not supported. Supported layers: 25-31.")
ValueError: Layer 1 not supported. Supported layers: 25-31.
Traceback (most recent call last):
  File "/home/ubuntu/llm_addiction/experiment_1_layer_pathway_L1_31/experiment_1_pathway.py", line 316, in run
    result = self.play_game_with_tracking(game_id)
  File "/home/ubuntu/llm_addiction/experiment_1_layer_pathway_L1_31/experiment_1_pathway.py", line 257, in play_game_with_tracking
    all_features = self.extract_all_layer_features(prompt)
  File "/home/ubuntu/llm_addiction/experiment_1_layer_pathway_L1_31/experiment_1_pathway.py", line 188, in extract_all_layer_features
    sae = self.load_sae(layer)
  File "/home/ubuntu/llm_addiction/experiment_1_layer_pathway_L1_31/experiment_1_pathway.py", line 128, in load_sae
    self.sae_cache[layer] = LlamaScopeDirect(layer=layer)
  File "/home/ubuntu/llm_addiction/causal_feature_discovery/src/llama_scope_working.py", line 90, in __init__
    raise ValueError(f"Layer {layer} not supported. Supported layers: 25-31.")
ValueError: Layer 1 not supported. Supported layers: 25-31.
Traceback (most recent call last):
  File "/home/ubuntu/llm_addiction/experiment_1_layer_pathway_L1_31/experiment_1_pathway.py", line 316, in run
    result = self.play_game_with_tracking(game_id)
  File "/home/ubuntu/llm_addiction/experiment_1_layer_pathway_L1_31/experiment_1_pathway.py", line 257, in play_game_with_tracking
    all_features = self.extract_all_layer_features(prompt)
  File "/home/ubuntu/llm_addiction/experiment_1_layer_pathway_L1_31/experiment_1_pathway.py", line 188, in extract_all_layer_features
    sae = self.load_sae(layer)
  File "/home/ubuntu/llm_addiction/experiment_1_layer_pathway_L1_31/experiment_1_pathway.py", line 128, in load_sae
    self.sae_cache[layer] = LlamaScopeDirect(layer=layer)
  File "/home/ubuntu/llm_addiction/causal_feature_discovery/src/llama_scope_working.py", line 90, in __init__
    raise ValueError(f"Layer {layer} not supported. Supported layers: 25-31.")
ValueError: Layer 1 not supported. Supported layers: 25-31.
Traceback (most recent call last):
  File "/home/ubuntu/llm_addiction/experiment_1_layer_pathway_L1_31/experiment_1_pathway.py", line 316, in run
    result = self.play_game_with_tracking(game_id)
  File "/home/ubuntu/llm_addiction/experiment_1_layer_pathway_L1_31/experiment_1_pathway.py", line 257, in play_game_with_tracking
    all_features = self.extract_all_layer_features(prompt)
  File "/home/ubuntu/llm_addiction/experiment_1_layer_pathway_L1_31/experiment_1_pathway.py", line 188, in extract_all_layer_features
    sae = self.load_sae(layer)
  File "/home/ubuntu/llm_addiction/experiment_1_layer_pathway_L1_31/experiment_1_pathway.py", line 128, in load_sae
    self.sae_cache[layer] = LlamaScopeDirect(layer=layer)
  File "/home/ubuntu/llm_addiction/causal_feature_discovery/src/llama_scope_working.py", line 90, in __init__
    raise ValueError(f"Layer {layer} not supported. Supported layers: 25-31.")
ValueError: Layer 1 not supported. Supported layers: 25-31.
Traceback (most recent call last):
  File "/home/ubuntu/llm_addiction/experiment_1_layer_pathway_L1_31/experiment_1_pathway.py", line 316, in run
    result = self.play_game_with_tracking(game_id)
  File "/home/ubuntu/llm_addiction/experiment_1_layer_pathway_L1_31/experiment_1_pathway.py", line 257, in play_game_with_tracking
    all_features = self.extract_all_layer_features(prompt)
  File "/home/ubuntu/llm_addiction/experiment_1_layer_pathway_L1_31/experiment_1_pathway.py", line 188, in extract_all_layer_features
    sae = self.load_sae(layer)
  File "/home/ubuntu/llm_addiction/experiment_1_layer_pathway_L1_31/experiment_1_pathway.py", line 128, in load_sae
    self.sae_cache[layer] = LlamaScopeDirect(layer=layer)
  File "/home/ubuntu/llm_addiction/causal_feature_discovery/src/llama_scope_working.py", line 90, in __init__
    raise ValueError(f"Layer {layer} not supported. Supported layers: 25-31.")
ValueError: Layer 1 not supported. Supported layers: 25-31.
Traceback (most recent call last):
  File "/home/ubuntu/llm_addiction/experiment_1_layer_pathway_L1_31/experiment_1_pathway.py", line 316, in run
    result = self.play_game_with_tracking(game_id)
  File "/home/ubuntu/llm_addiction/experiment_1_layer_pathway_L1_31/experiment_1_pathway.py", line 257, in play_game_with_tracking
    all_features = self.extract_all_layer_features(prompt)
  File "/home/ubuntu/llm_addiction/experiment_1_layer_pathway_L1_31/experiment_1_pathway.py", line 188, in extract_all_layer_features
    sae = self.load_sae(layer)
  File "/home/ubuntu/llm_addiction/experiment_1_layer_pathway_L1_31/experiment_1_pathway.py", line 128, in load_sae
    self.sae_cache[layer] = LlamaScopeDirect(layer=layer)
  File "/home/ubuntu/llm_addiction/causal_feature_discovery/src/llama_scope_working.py", line 90, in __init__
    raise ValueError(f"Layer {layer} not supported. Supported layers: 25-31.")
ValueError: Layer 1 not supported. Supported layers: 25-31.
Traceback (most recent call last):
  File "/home/ubuntu/llm_addiction/experiment_1_layer_pathway_L1_31/experiment_1_pathway.py", line 316, in run
    result = self.play_game_with_tracking(game_id)
  File "/home/ubuntu/llm_addiction/experiment_1_layer_pathway_L1_31/experiment_1_pathway.py", line 257, in play_game_with_tracking
    all_features = self.extract_all_layer_features(prompt)
  File "/home/ubuntu/llm_addiction/experiment_1_layer_pathway_L1_31/experiment_1_pathway.py", line 188, in extract_all_layer_features
    sae = self.load_sae(layer)
  File "/home/ubuntu/llm_addiction/experiment_1_layer_pathway_L1_31/experiment_1_pathway.py", line 128, in load_sae
    self.sae_cache[layer] = LlamaScopeDirect(layer=layer)
  File "/home/ubuntu/llm_addiction/causal_feature_discovery/src/llama_scope_working.py", line 90, in __init__
    raise ValueError(f"Layer {layer} not supported. Supported layers: 25-31.")
ValueError: Layer 1 not supported. Supported layers: 25-31.
Traceback (most recent call last):
  File "/home/ubuntu/llm_addiction/experiment_1_layer_pathway_L1_31/experiment_1_pathway.py", line 316, in run
    result = self.play_game_with_tracking(game_id)
  File "/home/ubuntu/llm_addiction/experiment_1_layer_pathway_L1_31/experiment_1_pathway.py", line 257, in play_game_with_tracking
    all_features = self.extract_all_layer_features(prompt)
  File "/home/ubuntu/llm_addiction/experiment_1_layer_pathway_L1_31/experiment_1_pathway.py", line 188, in extract_all_layer_features
    sae = self.load_sae(layer)
  File "/home/ubuntu/llm_addiction/experiment_1_layer_pathway_L1_31/experiment_1_pathway.py", line 128, in load_sae
    self.sae_cache[layer] = LlamaScopeDirect(layer=layer)
  File "/home/ubuntu/llm_addiction/causal_feature_discovery/src/llama_scope_working.py", line 90, in __init__
    raise ValueError(f"Layer {layer} not supported. Supported layers: 25-31.")
ValueError: Layer 1 not supported. Supported layers: 25-31.
Traceback (most recent call last):
  File "/home/ubuntu/llm_addiction/experiment_1_layer_pathway_L1_31/experiment_1_pathway.py", line 316, in run
    result = self.play_game_with_tracking(game_id)
  File "/home/ubuntu/llm_addiction/experiment_1_layer_pathway_L1_31/experiment_1_pathway.py", line 257, in play_game_with_tracking
    all_features = self.extract_all_layer_features(prompt)
  File "/home/ubuntu/llm_addiction/experiment_1_layer_pathway_L1_31/experiment_1_pathway.py", line 188, in extract_all_layer_features
    sae = self.load_sae(layer)
  File "/home/ubuntu/llm_addiction/experiment_1_layer_pathway_L1_31/experiment_1_pathway.py", line 128, in load_sae
    self.sae_cache[layer] = LlamaScopeDirect(layer=layer)
  File "/home/ubuntu/llm_addiction/causal_feature_discovery/src/llama_scope_working.py", line 90, in __init__
    raise ValueError(f"Layer {layer} not supported. Supported layers: 25-31.")
ValueError: Layer 1 not supported. Supported layers: 25-31.
Traceback (most recent call last):
  File "/home/ubuntu/llm_addiction/experiment_1_layer_pathway_L1_31/experiment_1_pathway.py", line 316, in run
    result = self.play_game_with_tracking(game_id)
  File "/home/ubuntu/llm_addiction/experiment_1_layer_pathway_L1_31/experiment_1_pathway.py", line 257, in play_game_with_tracking
    all_features = self.extract_all_layer_features(prompt)
  File "/home/ubuntu/llm_addiction/experiment_1_layer_pathway_L1_31/experiment_1_pathway.py", line 188, in extract_all_layer_features
    sae = self.load_sae(layer)
  File "/home/ubuntu/llm_addiction/experiment_1_layer_pathway_L1_31/experiment_1_pathway.py", line 128, in load_sae
    self.sae_cache[layer] = LlamaScopeDirect(layer=layer)
  File "/home/ubuntu/llm_addiction/causal_feature_discovery/src/llama_scope_working.py", line 90, in __init__
    raise ValueError(f"Layer {layer} not supported. Supported layers: 25-31.")
ValueError: Layer 1 not supported. Supported layers: 25-31.
Traceback (most recent call last):
  File "/home/ubuntu/llm_addiction/experiment_1_layer_pathway_L1_31/experiment_1_pathway.py", line 316, in run
    result = self.play_game_with_tracking(game_id)
  File "/home/ubuntu/llm_addiction/experiment_1_layer_pathway_L1_31/experiment_1_pathway.py", line 257, in play_game_with_tracking
    all_features = self.extract_all_layer_features(prompt)
  File "/home/ubuntu/llm_addiction/experiment_1_layer_pathway_L1_31/experiment_1_pathway.py", line 188, in extract_all_layer_features
    sae = self.load_sae(layer)
  File "/home/ubuntu/llm_addiction/experiment_1_layer_pathway_L1_31/experiment_1_pathway.py", line 128, in load_sae
    self.sae_cache[layer] = LlamaScopeDirect(layer=layer)
  File "/home/ubuntu/llm_addiction/causal_feature_discovery/src/llama_scope_working.py", line 90, in __init__
    raise ValueError(f"Layer {layer} not supported. Supported layers: 25-31.")
ValueError: Layer 1 not supported. Supported layers: 25-31.
Traceback (most recent call last):
  File "/home/ubuntu/llm_addiction/experiment_1_layer_pathway_L1_31/experiment_1_pathway.py", line 316, in run
    result = self.play_game_with_tracking(game_id)
  File "/home/ubuntu/llm_addiction/experiment_1_layer_pathway_L1_31/experiment_1_pathway.py", line 257, in play_game_with_tracking
    all_features = self.extract_all_layer_features(prompt)
  File "/home/ubuntu/llm_addiction/experiment_1_layer_pathway_L1_31/experiment_1_pathway.py", line 188, in extract_all_layer_features
    sae = self.load_sae(layer)
  File "/home/ubuntu/llm_addiction/experiment_1_layer_pathway_L1_31/experiment_1_pathway.py", line 128, in load_sae
    self.sae_cache[layer] = LlamaScopeDirect(layer=layer)
  File "/home/ubuntu/llm_addiction/causal_feature_discovery/src/llama_scope_working.py", line 90, in __init__
    raise ValueError(f"Layer {layer} not supported. Supported layers: 25-31.")
ValueError: Layer 1 not supported. Supported layers: 25-31.
Traceback (most recent call last):
  File "/home/ubuntu/llm_addiction/experiment_1_layer_pathway_L1_31/experiment_1_pathway.py", line 316, in run
    result = self.play_game_with_tracking(game_id)
  File "/home/ubuntu/llm_addiction/experiment_1_layer_pathway_L1_31/experiment_1_pathway.py", line 257, in play_game_with_tracking
    all_features = self.extract_all_layer_features(prompt)
  File "/home/ubuntu/llm_addiction/experiment_1_layer_pathway_L1_31/experiment_1_pathway.py", line 188, in extract_all_layer_features
    sae = self.load_sae(layer)
  File "/home/ubuntu/llm_addiction/experiment_1_layer_pathway_L1_31/experiment_1_pathway.py", line 128, in load_sae
    self.sae_cache[layer] = LlamaScopeDirect(layer=layer)
  File "/home/ubuntu/llm_addiction/causal_feature_discovery/src/llama_scope_working.py", line 90, in __init__
    raise ValueError(f"Layer {layer} not supported. Supported layers: 25-31.")
ValueError: Layer 1 not supported. Supported layers: 25-31.
Traceback (most recent call last):
  File "/home/ubuntu/llm_addiction/experiment_1_layer_pathway_L1_31/experiment_1_pathway.py", line 316, in run
    result = self.play_game_with_tracking(game_id)
  File "/home/ubuntu/llm_addiction/experiment_1_layer_pathway_L1_31/experiment_1_pathway.py", line 257, in play_game_with_tracking
    all_features = self.extract_all_layer_features(prompt)
  File "/home/ubuntu/llm_addiction/experiment_1_layer_pathway_L1_31/experiment_1_pathway.py", line 188, in extract_all_layer_features
    sae = self.load_sae(layer)
  File "/home/ubuntu/llm_addiction/experiment_1_layer_pathway_L1_31/experiment_1_pathway.py", line 128, in load_sae
    self.sae_cache[layer] = LlamaScopeDirect(layer=layer)
  File "/home/ubuntu/llm_addiction/causal_feature_discovery/src/llama_scope_working.py", line 90, in __init__
    raise ValueError(f"Layer {layer} not supported. Supported layers: 25-31.")
ValueError: Layer 1 not supported. Supported layers: 25-31.
Traceback (most recent call last):
  File "/home/ubuntu/llm_addiction/experiment_1_layer_pathway_L1_31/experiment_1_pathway.py", line 316, in run
    result = self.play_game_with_tracking(game_id)
  File "/home/ubuntu/llm_addiction/experiment_1_layer_pathway_L1_31/experiment_1_pathway.py", line 257, in play_game_with_tracking
    all_features = self.extract_all_layer_features(prompt)
  File "/home/ubuntu/llm_addiction/experiment_1_layer_pathway_L1_31/experiment_1_pathway.py", line 188, in extract_all_layer_features
    sae = self.load_sae(layer)
  File "/home/ubuntu/llm_addiction/experiment_1_layer_pathway_L1_31/experiment_1_pathway.py", line 128, in load_sae
    self.sae_cache[layer] = LlamaScopeDirect(layer=layer)
  File "/home/ubuntu/llm_addiction/causal_feature_discovery/src/llama_scope_working.py", line 90, in __init__
    raise ValueError(f"Layer {layer} not supported. Supported layers: 25-31.")
ValueError: Layer 1 not supported. Supported layers: 25-31.
Traceback (most recent call last):
  File "/home/ubuntu/llm_addiction/experiment_1_layer_pathway_L1_31/experiment_1_pathway.py", line 316, in run
    result = self.play_game_with_tracking(game_id)
  File "/home/ubuntu/llm_addiction/experiment_1_layer_pathway_L1_31/experiment_1_pathway.py", line 257, in play_game_with_tracking
    all_features = self.extract_all_layer_features(prompt)
  File "/home/ubuntu/llm_addiction/experiment_1_layer_pathway_L1_31/experiment_1_pathway.py", line 188, in extract_all_layer_features
    sae = self.load_sae(layer)
  File "/home/ubuntu/llm_addiction/experiment_1_layer_pathway_L1_31/experiment_1_pathway.py", line 128, in load_sae
    self.sae_cache[layer] = LlamaScopeDirect(layer=layer)
  File "/home/ubuntu/llm_addiction/causal_feature_discovery/src/llama_scope_working.py", line 90, in __init__
    raise ValueError(f"Layer {layer} not supported. Supported layers: 25-31.")
ValueError: Layer 1 not supported. Supported layers: 25-31.
Traceback (most recent call last):
  File "/home/ubuntu/llm_addiction/experiment_1_layer_pathway_L1_31/experiment_1_pathway.py", line 316, in run
    result = self.play_game_with_tracking(game_id)
  File "/home/ubuntu/llm_addiction/experiment_1_layer_pathway_L1_31/experiment_1_pathway.py", line 257, in play_game_with_tracking
    all_features = self.extract_all_layer_features(prompt)
  File "/home/ubuntu/llm_addiction/experiment_1_layer_pathway_L1_31/experiment_1_pathway.py", line 188, in extract_all_layer_features
    sae = self.load_sae(layer)
  File "/home/ubuntu/llm_addiction/experiment_1_layer_pathway_L1_31/experiment_1_pathway.py", line 128, in load_sae
    self.sae_cache[layer] = LlamaScopeDirect(layer=layer)
  File "/home/ubuntu/llm_addiction/causal_feature_discovery/src/llama_scope_working.py", line 90, in __init__
    raise ValueError(f"Layer {layer} not supported. Supported layers: 25-31.")
ValueError: Layer 1 not supported. Supported layers: 25-31.
Traceback (most recent call last):
  File "/home/ubuntu/llm_addiction/experiment_1_layer_pathway_L1_31/experiment_1_pathway.py", line 316, in run
    result = self.play_game_with_tracking(game_id)
  File "/home/ubuntu/llm_addiction/experiment_1_layer_pathway_L1_31/experiment_1_pathway.py", line 257, in play_game_with_tracking
    all_features = self.extract_all_layer_features(prompt)
  File "/home/ubuntu/llm_addiction/experiment_1_layer_pathway_L1_31/experiment_1_pathway.py", line 188, in extract_all_layer_features
    sae = self.load_sae(layer)
  File "/home/ubuntu/llm_addiction/experiment_1_layer_pathway_L1_31/experiment_1_pathway.py", line 128, in load_sae
    self.sae_cache[layer] = LlamaScopeDirect(layer=layer)
  File "/home/ubuntu/llm_addiction/causal_feature_discovery/src/llama_scope_working.py", line 90, in __init__
    raise ValueError(f"Layer {layer} not supported. Supported layers: 25-31.")
ValueError: Layer 1 not supported. Supported layers: 25-31.
Traceback (most recent call last):
  File "/home/ubuntu/llm_addiction/experiment_1_layer_pathway_L1_31/experiment_1_pathway.py", line 316, in run
    result = self.play_game_with_tracking(game_id)
  File "/home/ubuntu/llm_addiction/experiment_1_layer_pathway_L1_31/experiment_1_pathway.py", line 257, in play_game_with_tracking
    all_features = self.extract_all_layer_features(prompt)
  File "/home/ubuntu/llm_addiction/experiment_1_layer_pathway_L1_31/experiment_1_pathway.py", line 188, in extract_all_layer_features
    sae = self.load_sae(layer)
  File "/home/ubuntu/llm_addiction/experiment_1_layer_pathway_L1_31/experiment_1_pathway.py", line 128, in load_sae
    self.sae_cache[layer] = LlamaScopeDirect(layer=layer)
  File "/home/ubuntu/llm_addiction/causal_feature_discovery/src/llama_scope_working.py", line 90, in __init__
    raise ValueError(f"Layer {layer} not supported. Supported layers: 25-31.")
ValueError: Layer 1 not supported. Supported layers: 25-31.
Traceback (most recent call last):
  File "/home/ubuntu/llm_addiction/experiment_1_layer_pathway_L1_31/experiment_1_pathway.py", line 316, in run
    result = self.play_game_with_tracking(game_id)
  File "/home/ubuntu/llm_addiction/experiment_1_layer_pathway_L1_31/experiment_1_pathway.py", line 257, in play_game_with_tracking
    all_features = self.extract_all_layer_features(prompt)
  File "/home/ubuntu/llm_addiction/experiment_1_layer_pathway_L1_31/experiment_1_pathway.py", line 188, in extract_all_layer_features
    sae = self.load_sae(layer)
  File "/home/ubuntu/llm_addiction/experiment_1_layer_pathway_L1_31/experiment_1_pathway.py", line 128, in load_sae
    self.sae_cache[layer] = LlamaScopeDirect(layer=layer)
  File "/home/ubuntu/llm_addiction/causal_feature_discovery/src/llama_scope_working.py", line 90, in __init__
    raise ValueError(f"Layer {layer} not supported. Supported layers: 25-31.")
ValueError: Layer 1 not supported. Supported layers: 25-31.
Traceback (most recent call last):
  File "/home/ubuntu/llm_addiction/experiment_1_layer_pathway_L1_31/experiment_1_pathway.py", line 316, in run
    result = self.play_game_with_tracking(game_id)
  File "/home/ubuntu/llm_addiction/experiment_1_layer_pathway_L1_31/experiment_1_pathway.py", line 257, in play_game_with_tracking
    all_features = self.extract_all_layer_features(prompt)
  File "/home/ubuntu/llm_addiction/experiment_1_layer_pathway_L1_31/experiment_1_pathway.py", line 188, in extract_all_layer_features
    sae = self.load_sae(layer)
  File "/home/ubuntu/llm_addiction/experiment_1_layer_pathway_L1_31/experiment_1_pathway.py", line 128, in load_sae
    self.sae_cache[layer] = LlamaScopeDirect(layer=layer)
  File "/home/ubuntu/llm_addiction/causal_feature_discovery/src/llama_scope_working.py", line 90, in __init__
    raise ValueError(f"Layer {layer} not supported. Supported layers: 25-31.")
ValueError: Layer 1 not supported. Supported layers: 25-31.
Traceback (most recent call last):
  File "/home/ubuntu/llm_addiction/experiment_1_layer_pathway_L1_31/experiment_1_pathway.py", line 316, in run
    result = self.play_game_with_tracking(game_id)
  File "/home/ubuntu/llm_addiction/experiment_1_layer_pathway_L1_31/experiment_1_pathway.py", line 257, in play_game_with_tracking
    all_features = self.extract_all_layer_features(prompt)
  File "/home/ubuntu/llm_addiction/experiment_1_layer_pathway_L1_31/experiment_1_pathway.py", line 188, in extract_all_layer_features
    sae = self.load_sae(layer)
  File "/home/ubuntu/llm_addiction/experiment_1_layer_pathway_L1_31/experiment_1_pathway.py", line 128, in load_sae
    self.sae_cache[layer] = LlamaScopeDirect(layer=layer)
  File "/home/ubuntu/llm_addiction/causal_feature_discovery/src/llama_scope_working.py", line 90, in __init__
    raise ValueError(f"Layer {layer} not supported. Supported layers: 25-31.")
ValueError: Layer 1 not supported. Supported layers: 25-31.
Traceback (most recent call last):
  File "/home/ubuntu/llm_addiction/experiment_1_layer_pathway_L1_31/experiment_1_pathway.py", line 316, in run
    result = self.play_game_with_tracking(game_id)
  File "/home/ubuntu/llm_addiction/experiment_1_layer_pathway_L1_31/experiment_1_pathway.py", line 257, in play_game_with_tracking
    all_features = self.extract_all_layer_features(prompt)
  File "/home/ubuntu/llm_addiction/experiment_1_layer_pathway_L1_31/experiment_1_pathway.py", line 188, in extract_all_layer_features
    sae = self.load_sae(layer)
  File "/home/ubuntu/llm_addiction/experiment_1_layer_pathway_L1_31/experiment_1_pathway.py", line 128, in load_sae
    self.sae_cache[layer] = LlamaScopeDirect(layer=layer)
  File "/home/ubuntu/llm_addiction/causal_feature_discovery/src/llama_scope_working.py", line 90, in __init__
    raise ValueError(f"Layer {layer} not supported. Supported layers: 25-31.")
ValueError: Layer 1 not supported. Supported layers: 25-31.
Traceback (most recent call last):
  File "/home/ubuntu/llm_addiction/experiment_1_layer_pathway_L1_31/experiment_1_pathway.py", line 316, in run
    result = self.play_game_with_tracking(game_id)
  File "/home/ubuntu/llm_addiction/experiment_1_layer_pathway_L1_31/experiment_1_pathway.py", line 257, in play_game_with_tracking
    all_features = self.extract_all_layer_features(prompt)
  File "/home/ubuntu/llm_addiction/experiment_1_layer_pathway_L1_31/experiment_1_pathway.py", line 188, in extract_all_layer_features
    sae = self.load_sae(layer)
  File "/home/ubuntu/llm_addiction/experiment_1_layer_pathway_L1_31/experiment_1_pathway.py", line 128, in load_sae
    self.sae_cache[layer] = LlamaScopeDirect(layer=layer)
  File "/home/ubuntu/llm_addiction/causal_feature_discovery/src/llama_scope_working.py", line 90, in __init__
    raise ValueError(f"Layer {layer} not supported. Supported layers: 25-31.")
ValueError: Layer 1 not supported. Supported layers: 25-31.
Traceback (most recent call last):
  File "/home/ubuntu/llm_addiction/experiment_1_layer_pathway_L1_31/experiment_1_pathway.py", line 316, in run
    result = self.play_game_with_tracking(game_id)
  File "/home/ubuntu/llm_addiction/experiment_1_layer_pathway_L1_31/experiment_1_pathway.py", line 257, in play_game_with_tracking
    all_features = self.extract_all_layer_features(prompt)
  File "/home/ubuntu/llm_addiction/experiment_1_layer_pathway_L1_31/experiment_1_pathway.py", line 188, in extract_all_layer_features
    sae = self.load_sae(layer)
  File "/home/ubuntu/llm_addiction/experiment_1_layer_pathway_L1_31/experiment_1_pathway.py", line 128, in load_sae
    self.sae_cache[layer] = LlamaScopeDirect(layer=layer)
  File "/home/ubuntu/llm_addiction/causal_feature_discovery/src/llama_scope_working.py", line 90, in __init__
    raise ValueError(f"Layer {layer} not supported. Supported layers: 25-31.")
ValueError: Layer 1 not supported. Supported layers: 25-31.
Traceback (most recent call last):
  File "/home/ubuntu/llm_addiction/experiment_1_layer_pathway_L1_31/experiment_1_pathway.py", line 316, in run
    result = self.play_game_with_tracking(game_id)
  File "/home/ubuntu/llm_addiction/experiment_1_layer_pathway_L1_31/experiment_1_pathway.py", line 257, in play_game_with_tracking
    all_features = self.extract_all_layer_features(prompt)
  File "/home/ubuntu/llm_addiction/experiment_1_layer_pathway_L1_31/experiment_1_pathway.py", line 188, in extract_all_layer_features
    sae = self.load_sae(layer)
  File "/home/ubuntu/llm_addiction/experiment_1_layer_pathway_L1_31/experiment_1_pathway.py", line 128, in load_sae
    self.sae_cache[layer] = LlamaScopeDirect(layer=layer)
  File "/home/ubuntu/llm_addiction/causal_feature_discovery/src/llama_scope_working.py", line 90, in __init__
    raise ValueError(f"Layer {layer} not supported. Supported layers: 25-31.")
ValueError: Layer 1 not supported. Supported layers: 25-31.
Traceback (most recent call last):
  File "/home/ubuntu/llm_addiction/experiment_1_layer_pathway_L1_31/experiment_1_pathway.py", line 316, in run
    result = self.play_game_with_tracking(game_id)
  File "/home/ubuntu/llm_addiction/experiment_1_layer_pathway_L1_31/experiment_1_pathway.py", line 257, in play_game_with_tracking
    all_features = self.extract_all_layer_features(prompt)
  File "/home/ubuntu/llm_addiction/experiment_1_layer_pathway_L1_31/experiment_1_pathway.py", line 188, in extract_all_layer_features
    sae = self.load_sae(layer)
  File "/home/ubuntu/llm_addiction/experiment_1_layer_pathway_L1_31/experiment_1_pathway.py", line 128, in load_sae
    self.sae_cache[layer] = LlamaScopeDirect(layer=layer)
  File "/home/ubuntu/llm_addiction/causal_feature_discovery/src/llama_scope_working.py", line 90, in __init__
    raise ValueError(f"Layer {layer} not supported. Supported layers: 25-31.")
ValueError: Layer 1 not supported. Supported layers: 25-31.
Traceback (most recent call last):
  File "/home/ubuntu/llm_addiction/experiment_1_layer_pathway_L1_31/experiment_1_pathway.py", line 316, in run
    result = self.play_game_with_tracking(game_id)
  File "/home/ubuntu/llm_addiction/experiment_1_layer_pathway_L1_31/experiment_1_pathway.py", line 257, in play_game_with_tracking
    all_features = self.extract_all_layer_features(prompt)
  File "/home/ubuntu/llm_addiction/experiment_1_layer_pathway_L1_31/experiment_1_pathway.py", line 188, in extract_all_layer_features
    sae = self.load_sae(layer)
  File "/home/ubuntu/llm_addiction/experiment_1_layer_pathway_L1_31/experiment_1_pathway.py", line 128, in load_sae
    self.sae_cache[layer] = LlamaScopeDirect(layer=layer)
  File "/home/ubuntu/llm_addiction/causal_feature_discovery/src/llama_scope_working.py", line 90, in __init__
    raise ValueError(f"Layer {layer} not supported. Supported layers: 25-31.")
ValueError: Layer 1 not supported. Supported layers: 25-31.
âœ… LLaMA loaded successfully

ðŸŽ® Game 1/50
  Round 2: Extracting L1-31 features... ðŸ”§ Loading SAE Layer 1...
âŒ Error in game 0: Layer 1 not supported. Supported layers: 25-31.

ðŸŽ® Game 2/50
  Round 2: Extracting L1-31 features... ðŸ”§ Loading SAE Layer 1...
âŒ Error in game 1: Layer 1 not supported. Supported layers: 25-31.

ðŸŽ® Game 3/50
  Round 2: Extracting L1-31 features... ðŸ”§ Loading SAE Layer 1...
âŒ Error in game 2: Layer 1 not supported. Supported layers: 25-31.

ðŸŽ® Game 4/50
  Round 2: Extracting L1-31 features... ðŸ”§ Loading SAE Layer 1...
âŒ Error in game 3: Layer 1 not supported. Supported layers: 25-31.

ðŸŽ® Game 5/50
  Round 2: Extracting L1-31 features... ðŸ”§ Loading SAE Layer 1...
âŒ Error in game 4: Layer 1 not supported. Supported layers: 25-31.

ðŸŽ® Game 6/50
  Round 2: Extracting L1-31 features... ðŸ”§ Loading SAE Layer 1...
âŒ Error in game 5: Layer 1 not supported. Supported layers: 25-31.

ðŸŽ® Game 7/50
  Round 2: Extracting L1-31 features... ðŸ”§ Loading SAE Layer 1...
âŒ Error in game 6: Layer 1 not supported. Supported layers: 25-31.

ðŸŽ® Game 8/50
  Round 2: Extracting L1-31 features... ðŸ”§ Loading SAE Layer 1...
âŒ Error in game 7: Layer 1 not supported. Supported layers: 25-31.

ðŸŽ® Game 9/50
  Round 2: Extracting L1-31 features... ðŸ”§ Loading SAE Layer 1...
âŒ Error in game 8: Layer 1 not supported. Supported layers: 25-31.

ðŸŽ® Game 10/50
  Round 2: Extracting L1-31 features... ðŸ”§ Loading SAE Layer 1...
âŒ Error in game 9: Layer 1 not supported. Supported layers: 25-31.

ðŸŽ® Game 11/50
  Round 2: Extracting L1-31 features... ðŸ”§ Loading SAE Layer 1...
âŒ Error in game 10: Layer 1 not supported. Supported layers: 25-31.

ðŸŽ® Game 12/50
  Round 2: Extracting L1-31 features... ðŸ”§ Loading SAE Layer 1...
âŒ Error in game 11: Layer 1 not supported. Supported layers: 25-31.

ðŸŽ® Game 13/50
  Round 2: Extracting L1-31 features... ðŸ”§ Loading SAE Layer 1...
âŒ Error in game 12: Layer 1 not supported. Supported layers: 25-31.

ðŸŽ® Game 14/50
  Round 2: Extracting L1-31 features... ðŸ”§ Loading SAE Layer 1...
âŒ Error in game 13: Layer 1 not supported. Supported layers: 25-31.

ðŸŽ® Game 15/50
  Round 2: Extracting L1-31 features... ðŸ”§ Loading SAE Layer 1...
âŒ Error in game 14: Layer 1 not supported. Supported layers: 25-31.

ðŸŽ® Game 16/50
  Round 2: Extracting L1-31 features... ðŸ”§ Loading SAE Layer 1...
âŒ Error in game 15: Layer 1 not supported. Supported layers: 25-31.

ðŸŽ® Game 17/50
  Round 2: Extracting L1-31 features... ðŸ”§ Loading SAE Layer 1...
âŒ Error in game 16: Layer 1 not supported. Supported layers: 25-31.

ðŸŽ® Game 18/50
  Round 2: Extracting L1-31 features... ðŸ”§ Loading SAE Layer 1...
âŒ Error in game 17: Layer 1 not supported. Supported layers: 25-31.

ðŸŽ® Game 19/50
  Round 2: Extracting L1-31 features... ðŸ”§ Loading SAE Layer 1...
âŒ Error in game 18: Layer 1 not supported. Supported layers: 25-31.

ðŸŽ® Game 20/50
  Round 2: Extracting L1-31 features... ðŸ”§ Loading SAE Layer 1...
âŒ Error in game 19: Layer 1 not supported. Supported layers: 25-31.

ðŸŽ® Game 21/50
  Round 2: Extracting L1-31 features... ðŸ”§ Loading SAE Layer 1...
âŒ Error in game 20: Layer 1 not supported. Supported layers: 25-31.

ðŸŽ® Game 22/50
  Round 2: Extracting L1-31 features... ðŸ”§ Loading SAE Layer 1...
âŒ Error in game 21: Layer 1 not supported. Supported layers: 25-31.

ðŸŽ® Game 23/50
  Round 2: Extracting L1-31 features... ðŸ”§ Loading SAE Layer 1...
âŒ Error in game 22: Layer 1 not supported. Supported layers: 25-31.

ðŸŽ® Game 24/50
  Round 2: Extracting L1-31 features... ðŸ”§ Loading SAE Layer 1...
âŒ Error in game 23: Layer 1 not supported. Supported layers: 25-31.

ðŸŽ® Game 25/50
  Round 2: Extracting L1-31 features... ðŸ”§ Loading SAE Layer 1...
âŒ Error in game 24: Layer 1 not supported. Supported layers: 25-31.

ðŸŽ® Game 26/50
  Round 2: Extracting L1-31 features... ðŸ”§ Loading SAE Layer 1...
âŒ Error in game 25: Layer 1 not supported. Supported layers: 25-31.

ðŸŽ® Game 27/50
  Round 2: Extracting L1-31 features... ðŸ”§ Loading SAE Layer 1...
âŒ Error in game 26: Layer 1 not supported. Supported layers: 25-31.

ðŸŽ® Game 28/50
  Round 2: Extracting L1-31 features... ðŸ”§ Loading SAE Layer 1...
âŒ Error in game 27: Layer 1 not supported. Supported layers: 25-31.

ðŸŽ® Game 29/50
  Round 2: Extracting L1-31 features... ðŸ”§ Loading SAE Layer 1...
âŒ Error in game 28: Layer 1 not supported. Supported layers: 25-31.

ðŸŽ® Game 30/50
  Round 2: Extracting L1-31 features... ðŸ”§ Loading SAE Layer 1...
âŒ Error in game 29: Layer 1 not supported. Supported layers: 25-31.

ðŸŽ® Game 31/50
  Round 2: Extracting L1-31 features... ðŸ”§ Loading SAE Layer 1...
âŒ Error in game 30: Layer 1 not supported. Supported layers: 25-31.

ðŸŽ® Game 32/50
  Round 2: Extracting L1-31 features... ðŸ”§ Loading SAE Layer 1...
âŒ Error in game 31: Layer 1 not supported. Supported layers: 25-31.

ðŸŽ® Game 33/50
  Round 2: Extracting L1-31 features... ðŸ”§ Loading SAE Layer 1...
âŒ Error in game 32: Layer 1 not supported. Supported layers: 25-31.

ðŸŽ® Game 34/50
  Round 2: Extracting L1-31 features... ðŸ”§ Loading SAE Layer 1...
âŒ Error in game 33: Layer 1 not supported. Supported layers: 25-31.

ðŸŽ® Game 35/50
  Round 2: Extracting L1-31 features... ðŸ”§ Loading SAE Layer 1...
âŒ Error in game 34: Layer 1 not supported. Supported layers: 25-31.

ðŸŽ® Game 36/50
  Round 2: Extracting L1-31 features... ðŸ”§ Loading SAE Layer 1...
âŒ Error in game 35: Layer 1 not supported. Supported layers: 25-31.

ðŸŽ® Game 37/50
  Round 2: Extracting L1-31 features... ðŸ”§ Loading SAE Layer 1...
âŒ Error in game 36: Layer 1 not supported. Supported layers: 25-31.

ðŸŽ® Game 38/50
  Round 2: Extracting L1-31 features... ðŸ”§ Loading SAE Layer 1...
âŒ Error in game 37: Layer 1 not supported. Supported layers: 25-31.

ðŸŽ® Game 39/50
  Round 2: Extracting L1-31 features... ðŸ”§ Loading SAE Layer 1...
âŒ Error in game 38: Layer 1 not supported. Supported layers: 25-31.

ðŸŽ® Game 40/50
  Round 2: Extracting L1-31 features... ðŸ”§ Loading SAE Layer 1...
âŒ Error in game 39: Layer 1 not supported. Supported layers: 25-31.

ðŸŽ® Game 41/50
  Round 2: Extracting L1-31 features... ðŸ”§ Loading SAE Layer 1...
âŒ Error in game 40: Layer 1 not supported. Supported layers: 25-31.

ðŸŽ® Game 42/50
  Round 2: Extracting L1-31 features... ðŸ”§ Loading SAE Layer 1...
âŒ Error in game 41: Layer 1 not supported. Supported layers: 25-31.

ðŸŽ® Game 43/50
  Round 2: Extracting L1-31 features... ðŸ”§ Loading SAE Layer 1...
âŒ Error in game 42: Layer 1 not supported. Supported layers: 25-31.

ðŸŽ® Game 44/50
  Round 2: Extracting L1-31 features... ðŸ”§ Loading SAE Layer 1...
âŒ Error in game 43: Layer 1 not supported. Supported layers: 25-31.

ðŸŽ® Game 45/50
  Round 2: Extracting L1-31 features... ðŸ”§ Loading SAE Layer 1...
âŒ Error in game 44: Layer 1 not supported. Supported layers: 25-31.

ðŸŽ® Game 46/50
  Round 2: Extracting L1-31 features... ðŸ”§ Loading SAE Layer 1...
âŒ Error in game 45: Layer 1 not supported. Supported layers: 25-31.

ðŸŽ® Game 47/50
  Round 2: Extracting L1-31 features... ðŸ”§ Loading SAE Layer 1...
âŒ Error in game 46: Layer 1 not supported. Supported layers: 25-31.

ðŸŽ® Game 48/50
  Round 2: Extracting L1-31 features... ðŸ”§ Loading SAE Layer 1...
âŒ Error in game 47: Layer 1 not supported. Supported layers: 25-31.

ðŸŽ® Game 49/50
  Round 2: Extracting L1-31 features... ðŸ”§ Loading SAE Layer 1...
âŒ Error in game 48: Layer 1 not supported. Supported layers: 25-31.

ðŸŽ® Game 50/50
  Round 2: Extracting L1-31 features... ðŸ”§ Loading SAE Layer 1...
âŒ Error in game 49: Layer 1 not supported. Supported layers: 25-31.
ðŸ’¾ Final results saved: /data/llm_addiction/experiment_1_pathway_L1_31/final_pathway_L1_31_20251001_161928.json

================================================================================
ðŸ“Š FINAL SUMMARY
================================================================================
Total games: 0
Traceback (most recent call last):
  File "/home/ubuntu/llm_addiction/experiment_1_layer_pathway_L1_31/experiment_1_pathway.py", line 383, in <module>
    exp.run()
  File "/home/ubuntu/llm_addiction/experiment_1_layer_pathway_L1_31/experiment_1_pathway.py", line 340, in run
    print(f"Bankruptcies: {bankruptcies} ({bankruptcies/len(all_results)*100:.1f}%)")
ZeroDivisionError: division by zero
